2025-11-14 04:20:41,189 INFO    MainThread:19508 [wandb_setup.py:_flush():80] Current SDK version is 0.23.0
2025-11-14 04:20:41,190 INFO    MainThread:19508 [wandb_setup.py:_flush():80] Configure stats pid to 19508
2025-11-14 04:20:41,190 INFO    MainThread:19508 [wandb_setup.py:_flush():80] Loading settings from C:\Users\mohab\.config\wandb\settings
2025-11-14 04:20:41,190 INFO    MainThread:19508 [wandb_setup.py:_flush():80] Loading settings from c:\Users\mohab\Desktop\M\wandb\settings
2025-11-14 04:20:41,191 INFO    MainThread:19508 [wandb_setup.py:_flush():80] Loading settings from environment variables
2025-11-14 04:20:41,192 INFO    MainThread:19508 [wandb_init.py:setup_run_log_directory():713] Logging user logs to c:\Users\mohab\Desktop\M\wandb\run-20251114_042041-wc5eg5n6\logs\debug.log
2025-11-14 04:20:41,193 INFO    MainThread:19508 [wandb_init.py:setup_run_log_directory():714] Logging internal logs to c:\Users\mohab\Desktop\M\wandb\run-20251114_042041-wc5eg5n6\logs\debug-internal.log
2025-11-14 04:20:41,196 INFO    MainThread:19508 [wandb_init.py:init():840] calling init triggers
2025-11-14 04:20:41,199 INFO    MainThread:19508 [wandb_init.py:init():845] wandb.init called with sweep_config: {}
config: {'env_id': 'CartPole-v1', 'agent': 'DQNAgent', 'episodes': 100, 'model_path': 'models\\DQNAgent\\CartPole-v1.pth', '_wandb': {}}
2025-11-14 04:20:41,199 INFO    MainThread:19508 [wandb_init.py:init():888] starting backend
2025-11-14 04:20:43,608 INFO    MainThread:19508 [wandb_init.py:init():891] sending inform_init request
2025-11-14 04:20:43,650 INFO    MainThread:19508 [wandb_init.py:init():899] backend started and connected
2025-11-14 04:20:43,674 INFO    MainThread:19508 [wandb_init.py:init():969] updated telemetry
2025-11-14 04:20:43,675 INFO    MainThread:19508 [wandb_init.py:init():993] communicating run to backend with 90.0 second timeout
2025-11-14 04:20:44,411 INFO    MainThread:19508 [wandb_init.py:init():1040] starting run threads in backend
2025-11-14 04:20:44,573 INFO    MainThread:19508 [wandb_run.py:_console_start():2504] atexit reg
2025-11-14 04:20:44,573 INFO    MainThread:19508 [wandb_run.py:_redirect():2352] redirect: wrap_raw
2025-11-14 04:20:44,573 INFO    MainThread:19508 [wandb_run.py:_redirect():2421] Wrapping output streams.
2025-11-14 04:20:44,573 INFO    MainThread:19508 [wandb_run.py:_redirect():2444] Redirects installed.
2025-11-14 04:20:44,577 INFO    MainThread:19508 [wandb_init.py:init():1080] run started, returning control to user process
2025-11-14 04:20:45,129 ERROR   wandb-AsyncioManager-main:19508 [service_client.py:_forward_responses():77] Error reading server response.
Traceback (most recent call last):
  File "C:\Python313\Lib\asyncio\windows_events.py", line 463, in finish_socket_func
    return ov.getresult()
           ~~~~~~~~~~~~^^
OSError: [WinError 64] The specified network name is no longer available

During handling of the above exception, another exception occurred:

Traceback (most recent call last):
  File "C:\Users\mohab\AppData\Roaming\Python\Python313\site-packages\wandb\sdk\lib\service\service_client.py", line 73, in _forward_responses
    while response := await self._read_server_response():
                      ^^^^^^^^^^^^^^^^^^^^^^^^^^^^^^^^^^
  File "C:\Users\mohab\AppData\Roaming\Python\Python313\site-packages\wandb\sdk\lib\service\service_client.py", line 87, in _read_server_response
    header = await self._reader.readexactly(_HEADER_BYTE_INT_LEN)
             ^^^^^^^^^^^^^^^^^^^^^^^^^^^^^^^^^^^^^^^^^^^^^^^^^^^^
  File "C:\Python313\Lib\asyncio\streams.py", line 769, in readexactly
    await self._wait_for_data('readexactly')
  File "C:\Python313\Lib\asyncio\streams.py", line 539, in _wait_for_data
    await self._waiter
  File "C:\Python313\Lib\asyncio\proactor_events.py", line 286, in _loop_reading
    length = fut.result()
  File "C:\Python313\Lib\asyncio\windows_events.py", line 804, in _poll
    value = callback(transferred, key, ov)
  File "C:\Python313\Lib\asyncio\windows_events.py", line 467, in finish_socket_func
    raise ConnectionResetError(*exc.args)
ConnectionResetError: [WinError 64] The specified network name is no longer available
2025-11-14 04:20:45,137 INFO    wandb-AsyncioManager-main:19508 [mailbox.py:close():137] Closing mailbox, abandoning 1 handles.
